mode: set
github.com/brianantony456/go-doc/internal/router/router.go:14.51,16.16 2 0
github.com/brianantony456/go-doc/internal/router/router.go:16.16,18.3 1 0
github.com/brianantony456/go-doc/internal/router/router.go:20.2,25.2 5 0
github.com/brianantony456/go-doc/internal/router/router.go:25.2,31.3 5 0
github.com/brianantony456/go-doc/internal/router/router.go:33.2,35.45 3 0
github.com/brianantony456/go-doc/internal/router/router.go:35.45,37.3 1 0
github.com/brianantony456/go-doc/internal/router/router.go:38.2,38.48 1 0
github.com/brianantony456/go-doc/internal/router/router.go:38.48,40.3 1 0
github.com/brianantony456/go-doc/internal/router/router.go:41.2,41.47 1 0
github.com/brianantony456/go-doc/internal/router/router.go:41.47,43.3 1 0
github.com/brianantony456/go-doc/internal/router/router.go:45.2,45.24 1 0
github.com/brianantony456/go-doc/pkg/utils/math.go:3.24,5.2 1 0
github.com/brianantony456/go-doc/pkg/utils/math.go:7.30,9.2 1 0
github.com/brianantony456/go-doc/cmd/api/main.go:9.13,11.16 2 0
github.com/brianantony456/go-doc/cmd/api/main.go:11.16,13.3 1 0
github.com/brianantony456/go-doc/cmd/api/main.go:18.2,18.48 1 0
github.com/brianantony456/go-doc/cmd/api/main.go:18.48,20.3 1 0
github.com/brianantony456/go-doc/internal/infrastructure/persistence/gorm_book_repository.go:14.61,17.2 2 0
github.com/brianantony456/go-doc/internal/infrastructure/persistence/gorm_book_repository.go:19.61,23.2 3 0
github.com/brianantony456/go-doc/internal/infrastructure/persistence/gorm_book_repository.go:25.70,28.53 3 0
github.com/brianantony456/go-doc/internal/infrastructure/persistence/gorm_book_repository.go:28.53,30.3 1 0
github.com/brianantony456/go-doc/internal/infrastructure/persistence/gorm_book_repository.go:31.2,31.28 1 0
github.com/brianantony456/go-doc/internal/infrastructure/persistence/gorm_book_repository.go:34.60,36.2 1 0
github.com/brianantony456/go-doc/internal/infrastructure/persistence/gorm_book_repository.go:38.67,40.2 1 0
github.com/brianantony456/go-doc/internal/infrastructure/gin_handler/book_handler.go:20.66,22.2 1 0
github.com/brianantony456/go-doc/internal/infrastructure/gin_handler/book_handler.go:24.26,26.2 1 0
github.com/brianantony456/go-doc/internal/infrastructure/gin_handler/book_handler.go:28.48,30.16 2 0
github.com/brianantony456/go-doc/internal/infrastructure/gin_handler/book_handler.go:30.16,33.3 2 0
github.com/brianantony456/go-doc/internal/infrastructure/gin_handler/book_handler.go:34.2,34.38 1 0
github.com/brianantony456/go-doc/internal/infrastructure/gin_handler/book_handler.go:37.50,40.16 2 0
github.com/brianantony456/go-doc/internal/infrastructure/gin_handler/book_handler.go:40.16,43.3 2 0
github.com/brianantony456/go-doc/internal/infrastructure/gin_handler/book_handler.go:46.2,53.45 4 0
github.com/brianantony456/go-doc/internal/infrastructure/gin_handler/book_handler.go:53.45,57.3 3 0
github.com/brianantony456/go-doc/internal/infrastructure/gin_handler/book_handler.go:60.2,63.22 2 0
github.com/brianantony456/go-doc/internal/infrastructure/gin_handler/book_handler.go:63.22,65.3 1 0
github.com/brianantony456/go-doc/internal/infrastructure/gin_handler/book_handler.go:68.2,68.47 1 0
github.com/brianantony456/go-doc/internal/infrastructure/gin_handler/book_handler.go:68.47,71.3 2 0
github.com/brianantony456/go-doc/internal/infrastructure/gin_handler/book_handler.go:72.2,72.45 1 0
github.com/brianantony456/go-doc/internal/infrastructure/gin_handler/book_handler.go:75.48,79.16 3 0
github.com/brianantony456/go-doc/internal/infrastructure/gin_handler/book_handler.go:79.16,82.3 2 0
github.com/brianantony456/go-doc/internal/infrastructure/gin_handler/book_handler.go:84.2,84.37 1 0
github.com/brianantony456/go-doc/internal/infrastructure/gin_handler/book_handler.go:87.52,90.9 2 0
github.com/brianantony456/go-doc/internal/infrastructure/gin_handler/book_handler.go:90.9,93.3 2 0
github.com/brianantony456/go-doc/internal/infrastructure/gin_handler/book_handler.go:95.2,96.16 2 0
github.com/brianantony456/go-doc/internal/infrastructure/gin_handler/book_handler.go:96.16,99.3 2 0
github.com/brianantony456/go-doc/internal/infrastructure/gin_handler/book_handler.go:101.2,101.24 1 0
github.com/brianantony456/go-doc/internal/infrastructure/gin_handler/book_handler.go:101.24,104.3 2 0
github.com/brianantony456/go-doc/internal/infrastructure/gin_handler/book_handler.go:106.2,107.45 2 0
github.com/brianantony456/go-doc/internal/infrastructure/gin_handler/book_handler.go:107.45,110.3 2 0
github.com/brianantony456/go-doc/internal/infrastructure/gin_handler/book_handler.go:111.2,111.37 1 0
github.com/brianantony456/go-doc/internal/infrastructure/gin_handler/book_handler.go:114.50,117.9 2 0
github.com/brianantony456/go-doc/internal/infrastructure/gin_handler/book_handler.go:117.9,120.3 2 0
github.com/brianantony456/go-doc/internal/infrastructure/gin_handler/book_handler.go:122.2,123.16 2 0
github.com/brianantony456/go-doc/internal/infrastructure/gin_handler/book_handler.go:123.16,126.3 2 0
github.com/brianantony456/go-doc/internal/infrastructure/gin_handler/book_handler.go:128.2,129.45 2 0
github.com/brianantony456/go-doc/internal/infrastructure/gin_handler/book_handler.go:129.45,132.3 2 0
github.com/brianantony456/go-doc/internal/infrastructure/gin_handler/book_handler.go:133.2,133.37 1 0
github.com/brianantony456/go-doc/internal/infrastructure/gin_handler/book_handler.go:136.37,138.2 1 0
github.com/brianantony456/go-doc/pkg/utils/math.go:3.24,5.2 1 1
github.com/brianantony456/go-doc/pkg/utils/math.go:7.30,9.2 1 1
github.com/brianantony456/go-doc/internal/infrastructure/gin_handler/book_handler.go:20.66,22.2 1 1
github.com/brianantony456/go-doc/internal/infrastructure/gin_handler/book_handler.go:24.26,26.2 1 0
github.com/brianantony456/go-doc/internal/infrastructure/gin_handler/book_handler.go:28.48,30.16 2 1
github.com/brianantony456/go-doc/internal/infrastructure/gin_handler/book_handler.go:30.16,33.3 2 0
github.com/brianantony456/go-doc/internal/infrastructure/gin_handler/book_handler.go:34.2,34.38 1 1
github.com/brianantony456/go-doc/internal/infrastructure/gin_handler/book_handler.go:37.50,40.16 2 1
github.com/brianantony456/go-doc/internal/infrastructure/gin_handler/book_handler.go:40.16,43.3 2 0
github.com/brianantony456/go-doc/internal/infrastructure/gin_handler/book_handler.go:46.2,53.45 4 1
github.com/brianantony456/go-doc/internal/infrastructure/gin_handler/book_handler.go:53.45,57.3 3 0
github.com/brianantony456/go-doc/internal/infrastructure/gin_handler/book_handler.go:60.2,63.22 2 1
github.com/brianantony456/go-doc/internal/infrastructure/gin_handler/book_handler.go:63.22,65.3 1 0
github.com/brianantony456/go-doc/internal/infrastructure/gin_handler/book_handler.go:68.2,68.47 1 1
github.com/brianantony456/go-doc/internal/infrastructure/gin_handler/book_handler.go:68.47,71.3 2 0
github.com/brianantony456/go-doc/internal/infrastructure/gin_handler/book_handler.go:72.2,72.45 1 1
github.com/brianantony456/go-doc/internal/infrastructure/gin_handler/book_handler.go:75.48,79.16 3 1
github.com/brianantony456/go-doc/internal/infrastructure/gin_handler/book_handler.go:79.16,82.3 2 1
github.com/brianantony456/go-doc/internal/infrastructure/gin_handler/book_handler.go:84.2,84.37 1 0
github.com/brianantony456/go-doc/internal/infrastructure/gin_handler/book_handler.go:87.52,90.9 2 1
github.com/brianantony456/go-doc/internal/infrastructure/gin_handler/book_handler.go:90.9,93.3 2 0
github.com/brianantony456/go-doc/internal/infrastructure/gin_handler/book_handler.go:95.2,96.16 2 1
github.com/brianantony456/go-doc/internal/infrastructure/gin_handler/book_handler.go:96.16,99.3 2 1
github.com/brianantony456/go-doc/internal/infrastructure/gin_handler/book_handler.go:101.2,101.24 1 0
github.com/brianantony456/go-doc/internal/infrastructure/gin_handler/book_handler.go:101.24,104.3 2 0
github.com/brianantony456/go-doc/internal/infrastructure/gin_handler/book_handler.go:106.2,107.45 2 0
github.com/brianantony456/go-doc/internal/infrastructure/gin_handler/book_handler.go:107.45,110.3 2 0
github.com/brianantony456/go-doc/internal/infrastructure/gin_handler/book_handler.go:111.2,111.37 1 0
github.com/brianantony456/go-doc/internal/infrastructure/gin_handler/book_handler.go:114.50,117.9 2 1
github.com/brianantony456/go-doc/internal/infrastructure/gin_handler/book_handler.go:117.9,120.3 2 0
github.com/brianantony456/go-doc/internal/infrastructure/gin_handler/book_handler.go:122.2,123.16 2 1
github.com/brianantony456/go-doc/internal/infrastructure/gin_handler/book_handler.go:123.16,126.3 2 1
github.com/brianantony456/go-doc/internal/infrastructure/gin_handler/book_handler.go:128.2,129.45 2 0
github.com/brianantony456/go-doc/internal/infrastructure/gin_handler/book_handler.go:129.45,132.3 2 0
github.com/brianantony456/go-doc/internal/infrastructure/gin_handler/book_handler.go:133.2,133.37 1 0
github.com/brianantony456/go-doc/internal/infrastructure/gin_handler/book_handler.go:136.37,138.2 1 0
github.com/brianantony456/go-doc/internal/infrastructure/persistence/gorm_book_repository.go:14.61,17.2 2 1
github.com/brianantony456/go-doc/internal/infrastructure/persistence/gorm_book_repository.go:19.61,23.2 3 1
github.com/brianantony456/go-doc/internal/infrastructure/persistence/gorm_book_repository.go:25.70,28.53 3 1
github.com/brianantony456/go-doc/internal/infrastructure/persistence/gorm_book_repository.go:28.53,30.3 1 1
github.com/brianantony456/go-doc/internal/infrastructure/persistence/gorm_book_repository.go:31.2,31.28 1 1
github.com/brianantony456/go-doc/internal/infrastructure/persistence/gorm_book_repository.go:34.60,36.2 1 1
github.com/brianantony456/go-doc/internal/infrastructure/persistence/gorm_book_repository.go:38.67,40.2 1 1
